app/build/intermediates/manifest_merge_blame_file/debug/manifest-merger-blame-debug-report.txt
1<?xml version="1.0" encoding="utf-8"?>
2<manifest xmlns:android="http://schemas.android.com/apk/res/android"
3    package="com.ted.notekeeper"
4    android:versionCode="1"
5    android:versionName="1.0" >
6
7    <uses-sdk
8        android:minSdkVersion="24"
8-->src/main/AndroidManifest.xml
9        android:targetSdkVersion="29" />
9-->src/main/AndroidManifest.xml
10
11    <application
11-->src/main/AndroidManifest.xml:5:5-44:19
12        android:allowBackup="true"
12-->src/main/AndroidManifest.xml:6:9-35
13        android:appComponentFactory="androidx.core.app.CoreComponentFactory"
13-->[androidx.core:core:1.1.0-rc01] AndroidManifest.xml:24:18-86
14        android:debuggable="true"
15        android:icon="@mipmap/ic_launcher"
15-->src/main/AndroidManifest.xml:7:9-43
16        android:label="@string/app_name"
16-->src/main/AndroidManifest.xml:8:9-41
17        android:roundIcon="@mipmap/ic_launcher_round"
17-->src/main/AndroidManifest.xml:9:9-54
18        android:supportsRtl="true"
18-->src/main/AndroidManifest.xml:10:9-35
19        android:testOnly="true"
20        android:theme="@style/AppTheme" >
20-->src/main/AndroidManifest.xml:11:9-40
21        <activity
21-->src/main/AndroidManifest.xml:12:9-19:20
22            android:name="com.ted.notekeeper.SettingsActivity"
22-->src/main/AndroidManifest.xml:13:13-45
23            android:label="@string/title_activity_settings"
23-->src/main/AndroidManifest.xml:14:13-60
24            android:parentActivityName="com.ted.notekeeper.MainActivity" >
24-->src/main/AndroidManifest.xml:15:13-55
25            <meta-data
25-->src/main/AndroidManifest.xml:16:13-18:67
26                android:name="android.support.PARENT_ACTIVITY"
26-->src/main/AndroidManifest.xml:17:17-63
27                android:value="com.ted.notekeeper.MainActivity" />
27-->src/main/AndroidManifest.xml:18:17-64
28        </activity>
29        <activity
29-->src/main/AndroidManifest.xml:21:9-30:20
30            android:name="com.ted.notekeeper.MainActivity"
30-->src/main/AndroidManifest.xml:22:13-41
31            android:label="@string/title_activity_main"
31-->src/main/AndroidManifest.xml:23:13-56
32            android:theme="@style/AppTheme.NoActionBar" >
32-->src/main/AndroidManifest.xml:24:13-56
33            <intent-filter>
33-->src/main/AndroidManifest.xml:25:13-29:29
34                <action android:name="android.intent.action.MAIN" />
34-->src/main/AndroidManifest.xml:26:17-69
34-->src/main/AndroidManifest.xml:26:25-66
35
36                <category android:name="android.intent.category.LAUNCHER" />
36-->src/main/AndroidManifest.xml:28:17-77
36-->src/main/AndroidManifest.xml:28:27-74
37            </intent-filter>
38        </activity>
39        <activity
39-->src/main/AndroidManifest.xml:31:9-34:59
40            android:name="com.ted.notekeeper.NoteListActivity"
40-->src/main/AndroidManifest.xml:32:13-45
41            android:label="@string/app_name"
41-->src/main/AndroidManifest.xml:33:13-45
42            android:theme="@style/AppTheme.NoActionBar" />
42-->src/main/AndroidManifest.xml:34:13-56
43        <activity
43-->src/main/AndroidManifest.xml:35:9-38:59
44            android:name="com.ted.notekeeper.NoteActivity"
44-->src/main/AndroidManifest.xml:36:13-41
45            android:label="@string/title_activity_note"
45-->src/main/AndroidManifest.xml:37:13-56
46            android:theme="@style/AppTheme.NoActionBar" />
46-->src/main/AndroidManifest.xml:38:13-56
47
48        <provider
48-->src/main/AndroidManifest.xml:39:9-43:48
49            android:name="com.ted.notekeeper.NoteKeeperProvider"
49-->src/main/AndroidManifest.xml:40:13-47
50            android:authorities="com.ted.notekeeper.provider"
50-->src/main/AndroidManifest.xml:41:13-62
51            android:enabled="true"
51-->src/main/AndroidManifest.xml:42:13-35
52            android:exported="true" />
52-->src/main/AndroidManifest.xml:43:13-36
53    </application>
54
55</manifest>